#
# There is insufficient memory for the Java Runtime Environment to continue.
# Native memory allocation (malloc) failed to allocate 358880 bytes for Chunk::new
# Possible reasons:
#   The system is out of physical RAM or swap space
#   The process is running with CompressedOops enabled, and the Java Heap may be blocking the growth of the native heap
# Possible solutions:
#   Reduce memory load on the system
#   Increase physical memory or swap space
#   Check if swap backing store is full
#   Decrease Java heap size (-Xmx/-Xms)
#   Decrease number of Java threads
#   Decrease Java thread stack sizes (-Xss)
#   Set larger code cache with -XX:ReservedCodeCacheSize=
#   JVM is running with Zero Based Compressed Oops mode in which the Java heap is
#     placed in the first 32GB address space. The Java Heap base address is the
#     maximum limit for the native heap growth. Please use -XX:HeapBaseMinAddress
#     to set the Java Heap base and to place the Java Heap above 32GB virtual address.
# This output file may be truncated or incomplete.
#
#  Out of Memory Error (arena.cpp:184), pid=22168, tid=13292
#
# JRE version: Java(TM) SE Runtime Environment (19.0+36) (build 19+36-2238)
# Java VM: Java HotSpot(TM) 64-Bit Server VM (19+36-2238, mixed mode, sharing, tiered, compressed oops, compressed class ptrs, g1 gc, windows-amd64)
# No core dump will be written. Minidumps are not enabled by default on client versions of Windows
#

---------------  S U M M A R Y ------------

Command Line: -javaagent:C:\Program Files\JetBrains\IntelliJ IDEA Educational Edition 2022.2.2\lib\idea_rt.jar=22246:C:\Program Files\JetBrains\IntelliJ IDEA Educational Edition 2022.2.2\bin -Dfile.encoding=UTF-8 -Dsun.stdout.encoding=UTF-8 -Dsun.stderr.encoding=UTF-8 com.cognizant.config_server.ConfigServerApplication

Host: 11th Gen Intel(R) Core(TM) i5-11320H @ 3.20GHz, 8 cores, 15G,  Windows 11 , 64 bit Build 26100 (10.0.26100.4484)
Time: Fri Jul 18 20:57:49 2025 India Standard Time elapsed time: 11.988084 seconds (0d 0h 0m 11s)

---------------  T H R E A D  ---------------

Current thread (0x0000028dc4c130b0):  JavaThread "C2 CompilerThread0" daemon [_thread_in_native, id=13292, stack(0x0000009834800000,0x0000009834900000)]


Current CompileTask:
C2:  11988 1502 % !   4       java.util.concurrent.ConcurrentHashMap::transfer @ 96 (849 bytes)

Stack: [0x0000009834800000,0x0000009834900000]
Native frames: (J=compiled Java code, j=interpreted, Vv=VM code, C=native code)
V  [jvm.dll+0x6ee8fa]
V  [jvm.dll+0x857a1e]
V  [jvm.dll+0x85940e]
V  [jvm.dll+0x859ac3]
V  [jvm.dll+0x28291f]
V  [jvm.dll+0xc9b5f]
V  [jvm.dll+0xc9ee5]
V  [jvm.dll+0x3bcbac]
V  [jvm.dll+0x386201]
V  [jvm.dll+0x38567a]
V  [jvm.dll+0x24c2c9]
V  [jvm.dll+0x24b671]
V  [jvm.dll+0x1d6d61]
V  [jvm.dll+0x25b0fa]
V  [jvm.dll+0x259588]
V  [jvm.dll+0x807928]
V  [jvm.dll+0x8015fa]
V  [jvm.dll+0x6ed5eb]
C  [ucrtbase.dll+0x37b0]
C  [KERNEL32.DLL+0x2e8d7]
C  [ntdll.dll+0x3c34c]


---------------  P R O C E S S  ---------------

Threads class SMR info:
_java_thread_list=0x0000028dc57a43e0, length=12, elements={
0x0000028d9b73d8a0, 0x0000028dc042e550, 0x0000028dc042ea90, 0x0000028dc4c06a20,
0x0000028dc4c07980, 0x0000028dc4c07ec0, 0x0000028dc4c10830, 0x0000028dc4c130b0,
0x0000028dc4c17a20, 0x0000028dc4c183b0, 0x0000028dc4d4d670, 0x0000028dc50b3660
}

Java Threads: ( => current thread )
  0x0000028d9b73d8a0 JavaThread "main" [_thread_in_native, id=22176, stack(0x0000009833b00000,0x0000009833c00000)]
  0x0000028dc042e550 JavaThread "Reference Handler" daemon [_thread_blocked, id=7648, stack(0x0000009834200000,0x0000009834300000)]
  0x0000028dc042ea90 JavaThread "Finalizer" daemon [_thread_blocked, id=12312, stack(0x0000009834300000,0x0000009834400000)]
  0x0000028dc4c06a20 JavaThread "Signal Dispatcher" daemon [_thread_blocked, id=25360, stack(0x0000009834400000,0x0000009834500000)]
  0x0000028dc4c07980 JavaThread "Attach Listener" daemon [_thread_blocked, id=22540, stack(0x0000009834500000,0x0000009834600000)]
  0x0000028dc4c07ec0 JavaThread "Service Thread" daemon [_thread_blocked, id=9380, stack(0x0000009834600000,0x0000009834700000)]
  0x0000028dc4c10830 JavaThread "Monitor Deflation Thread" daemon [_thread_blocked, id=26780, stack(0x0000009834700000,0x0000009834800000)]
=>0x0000028dc4c130b0 JavaThread "C2 CompilerThread0" daemon [_thread_in_native, id=13292, stack(0x0000009834800000,0x0000009834900000)]
  0x0000028dc4c17a20 JavaThread "C1 CompilerThread0" daemon [_thread_blocked, id=4516, stack(0x0000009834900000,0x0000009834a00000)]
  0x0000028dc4c183b0 JavaThread "Sweeper thread" daemon [_thread_blocked, id=27224, stack(0x0000009834a00000,0x0000009834b00000)]
  0x0000028dc4d4d670 JavaThread "Common-Cleaner" daemon [_thread_blocked, id=25320, stack(0x0000009834b00000,0x0000009834c00000)]
  0x0000028dc50b3660 JavaThread "Notification Thread" daemon [_thread_blocked, id=8328, stack(0x0000009834e00000,0x0000009834f00000)]

Other Threads:
  0x0000028dc0419d80 VMThread "VM Thread" [stack: 0x0000009834100000,0x0000009834200000] [id=24200]
  0x0000028dc4ff8f70 WatcherThread "VM Periodic Task Thread" [stack: 0x0000009834f00000,0x0000009835000000] [id=27124]
  0x0000028d9b7aed00 WorkerThread "GC Thread#0" [stack: 0x0000009833c00000,0x0000009833d00000] [id=24320]
  0x0000028dc5338590 WorkerThread "GC Thread#1" [stack: 0x0000009835000000,0x0000009835100000] [id=26412]
  0x0000028dc5287d90 WorkerThread "GC Thread#2" [stack: 0x0000009835100000,0x0000009835200000] [id=19192]
  0x0000028dc5288060 WorkerThread "GC Thread#3" [stack: 0x0000009835200000,0x0000009835300000] [id=7292]
  0x0000028dc53ba090 WorkerThread "GC Thread#4" [stack: 0x0000009835300000,0x0000009835400000] [id=25704]
  0x0000028dc53ba360 WorkerThread "GC Thread#5" [stack: 0x0000009835400000,0x0000009835500000] [id=11988]
  0x0000028dc56ca240 WorkerThread "GC Thread#6" [stack: 0x0000009834c00000,0x0000009834d00000] [id=25156]
  0x0000028dc56cb050 WorkerThread "GC Thread#7" [stack: 0x0000009835500000,0x0000009835600000] [id=19892]
  0x0000028d9b2ae060 ConcurrentGCThread "G1 Main Marker" [stack: 0x0000009833d00000,0x0000009833e00000] [id=9124]
  0x0000028d9b2ae9e0 WorkerThread "G1 Conc#0" [stack: 0x0000009833e00000,0x0000009833f00000] [id=14260]
  0x0000028dc02c8060 ConcurrentGCThread "G1 Refine#0" [stack: 0x0000009833f00000,0x0000009834000000] [id=2244]
  0x0000028dc02ca470 ConcurrentGCThread "G1 Service" [stack: 0x0000009834000000,0x0000009834100000] [id=15236]

Threads with active compile tasks:
C2 CompilerThread0    12008 1502 % !   4       java.util.concurrent.ConcurrentHashMap::transfer @ 96 (849 bytes)

VM state: not at safepoint (normal execution)

VM Mutex/Monitor currently owned by a thread: None

Heap address: 0x0000000703600000, size: 4042 MB, Compressed Oops mode: Zero based, Oop shift amount: 3

CDS archive(s) mapped at: [0x0000000800000000-0x0000000800c40000-0x0000000800c40000), size 12845056, SharedBaseAddress: 0x0000000800000000, ArchiveRelocationMode: 0.
Compressed class space mapped at: 0x0000000801000000-0x0000000841000000, reserved size: 1073741824
Narrow klass base: 0x0000000800000000, Narrow klass shift: 0, Narrow klass range: 0x100000000

GC Precious Log:
 CardTable entry size: 512
 Card Set container configuration: InlinePtr #cards 4 size 8 Array Of Cards #cards 8 size 32 Howl #buckets 8 coarsen threshold 3686 Howl Bitmap #cards 512 size 80 coarsen threshold 460 Card regions per heap region 1 cards per card region 4096
 CPUs: 8 total, 8 available
 Memory: 16167M
 Large Page Support: Disabled
 NUMA Support: Disabled
 Compressed Oops: Enabled (Zero based)
 Heap Region Size: 2M
 Heap Min Capacity: 8M
 Heap Initial Capacity: 254M
 Heap Max Capacity: 4042M
 Pre-touch: Disabled
 Parallel Workers: 8
 Concurrent Workers: 2
 Concurrent Refinement Workers: 8
 Periodic GC: Disabled

Heap:
 garbage-first heap   total 260096K, used 18125K [0x0000000703600000, 0x0000000800000000)
  region size 2048K, 5 young (10240K), 2 survivors (4096K)
 Metaspace       used 9053K, committed 9280K, reserved 1114112K
  class space    used 1022K, committed 1152K, reserved 1048576K

Heap Regions: E=young(eden), S=young(survivor), O=old, HS=humongous(starts), HC=humongous(continues), CS=collection set, F=free, OA=open archive, CA=closed archive, TAMS=top-at-mark-start (previous, next)
|   0|0x0000000703600000, 0x0000000703800000, 0x0000000703800000|100%| O|  |TAMS 0x0000000703600000, 0x0000000703600000| Untracked 
|   1|0x0000000703800000, 0x0000000703a00000, 0x0000000703a00000|100%| O|  |TAMS 0x0000000703800000, 0x0000000703800000| Untracked 
|   2|0x0000000703a00000, 0x0000000703c00000, 0x0000000703c00000|100%| O|  |TAMS 0x0000000703a00000, 0x0000000703a00000| Untracked 
|   3|0x0000000703c00000, 0x0000000703e00000, 0x0000000703e00000|100%| O|  |TAMS 0x0000000703c00000, 0x0000000703c00000| Untracked 
|   4|0x0000000703e00000, 0x0000000703fb3400, 0x0000000704000000| 85%| O|  |TAMS 0x0000000703e00000, 0x0000000703e00000| Untracked 
|   5|0x0000000704000000, 0x0000000704000000, 0x0000000704200000|  0%| F|  |TAMS 0x0000000704000000, 0x0000000704000000| Untracked 
|   6|0x0000000704200000, 0x0000000704200000, 0x0000000704400000|  0%| F|  |TAMS 0x0000000704200000, 0x0000000704200000| Untracked 
|   7|0x0000000704400000, 0x0000000704400000, 0x0000000704600000|  0%| F|  |TAMS 0x0000000704400000, 0x0000000704400000| Untracked 
|   8|0x0000000704600000, 0x0000000704600000, 0x0000000704800000|  0%| F|  |TAMS 0x0000000704600000, 0x0000000704600000| Untracked 
|   9|0x0000000704800000, 0x0000000704800000, 0x0000000704a00000|  0%| F|  |TAMS 0x0000000704800000, 0x0000000704800000| Untracked 
|  10|0x0000000704a00000, 0x0000000704a00000, 0x0000000704c00000|  0%| F|  |TAMS 0x0000000704a00000, 0x0000000704a00000| Untracked 
|  11|0x0000000704c00000, 0x0000000704c00000, 0x0000000704e00000|  0%| F|  |TAMS 0x0000000704c00000, 0x0000000704c00000| Untracked 
|  12|0x0000000704e00000, 0x0000000704e00000, 0x0000000705000000|  0%| F|  |TAMS 0x0000000704e00000, 0x0000000704e00000| Untracked 
|  13|0x0000000705000000, 0x0000000705000000, 0x0000000705200000|  0%| F|  |TAMS 0x0000000705000000, 0x0000000705000000| Untracked 
|  14|0x0000000705200000, 0x0000000705200000, 0x0000000705400000|  0%| F|  |TAMS 0x0000000705200000, 0x0000000705200000| Untracked 
|  15|0x0000000705400000, 0x0000000705400000, 0x0000000705600000|  0%| F|  |TAMS 0x0000000705400000, 0x0000000705400000| Untracked 
|  16|0x0000000705600000, 0x0000000705600000, 0x0000000705800000|  0%| F|  |TAMS 0x0000000705600000, 0x0000000705600000| Untracked 
|  17|0x0000000705800000, 0x0000000705800000, 0x0000000705a00000|  0%| F|  |TAMS 0x0000000705800000, 0x0000000705800000| Untracked 
|  18|0x0000000705a00000, 0x0000000705a00000, 0x0000000705c00000|  0%| F|  |TAMS 0x0000000705a00000, 0x0000000705a00000| Untracked 
|  19|0x0000000705c00000, 0x0000000705c00000, 0x0000000705e00000|  0%| F|  |TAMS 0x0000000705c00000, 0x0000000705c00000| Untracked 
|  20|0x0000000705e00000, 0x0000000705e00000, 0x0000000706000000|  0%| F|  |TAMS 0x0000000705e00000, 0x0000000705e00000| Untracked 
|  21|0x0000000706000000, 0x0000000706000000, 0x0000000706200000|  0%| F|  |TAMS 0x0000000706000000, 0x0000000706000000| Untracked 
|  22|0x0000000706200000, 0x0000000706200000, 0x0000000706400000|  0%| F|  |TAMS 0x0000000706200000, 0x0000000706200000| Untracked 
|  23|0x0000000706400000, 0x0000000706400000, 0x0000000706600000|  0%| F|  |TAMS 0x0000000706400000, 0x0000000706400000| Untracked 
|  24|0x0000000706600000, 0x0000000706600000, 0x0000000706800000|  0%| F|  |TAMS 0x0000000706600000, 0x0000000706600000| Untracked 
|  25|0x0000000706800000, 0x0000000706800000, 0x0000000706a00000|  0%| F|  |TAMS 0x0000000706800000, 0x0000000706800000| Untracked 
|  26|0x0000000706a00000, 0x0000000706a00000, 0x0000000706c00000|  0%| F|  |TAMS 0x0000000706a00000, 0x0000000706a00000| Untracked 
|  27|0x0000000706c00000, 0x0000000706c00000, 0x0000000706e00000|  0%| F|  |TAMS 0x0000000706c00000, 0x0000000706c00000| Untracked 
|  28|0x0000000706e00000, 0x0000000706e00000, 0x0000000707000000|  0%| F|  |TAMS 0x0000000706e00000, 0x0000000706e00000| Untracked 
|  29|0x0000000707000000, 0x0000000707000000, 0x0000000707200000|  0%| F|  |TAMS 0x0000000707000000, 0x0000000707000000| Untracked 
|  30|0x0000000707200000, 0x0000000707200000, 0x0000000707400000|  0%| F|  |TAMS 0x0000000707200000, 0x0000000707200000| Untracked 
|  31|0x0000000707400000, 0x0000000707400000, 0x0000000707600000|  0%| F|  |TAMS 0x0000000707400000, 0x0000000707400000| Untracked 
|  32|0x0000000707600000, 0x0000000707600000, 0x0000000707800000|  0%| F|  |TAMS 0x0000000707600000, 0x0000000707600000| Untracked 
|  33|0x0000000707800000, 0x0000000707800000, 0x0000000707a00000|  0%| F|  |TAMS 0x0000000707800000, 0x0000000707800000| Untracked 
|  34|0x0000000707a00000, 0x0000000707a00000, 0x0000000707c00000|  0%| F|  |TAMS 0x0000000707a00000, 0x0000000707a00000| Untracked 
|  35|0x0000000707c00000, 0x0000000707c00000, 0x0000000707e00000|  0%| F|  |TAMS 0x0000000707c00000, 0x0000000707c00000| Untracked 
|  36|0x0000000707e00000, 0x0000000707e00000, 0x0000000708000000|  0%| F|  |TAMS 0x0000000707e00000, 0x0000000707e00000| Untracked 
|  37|0x0000000708000000, 0x0000000708000000, 0x0000000708200000|  0%| F|  |TAMS 0x0000000708000000, 0x0000000708000000| Untracked 
|  38|0x0000000708200000, 0x0000000708200000, 0x0000000708400000|  0%| F|  |TAMS 0x0000000708200000, 0x0000000708200000| Untracked 
|  39|0x0000000708400000, 0x0000000708400000, 0x0000000708600000|  0%| F|  |TAMS 0x0000000708400000, 0x0000000708400000| Untracked 
|  40|0x0000000708600000, 0x0000000708600000, 0x0000000708800000|  0%| F|  |TAMS 0x0000000708600000, 0x0000000708600000| Untracked 
|  41|0x0000000708800000, 0x0000000708800000, 0x0000000708a00000|  0%| F|  |TAMS 0x0000000708800000, 0x0000000708800000| Untracked 
|  42|0x0000000708a00000, 0x0000000708a00000, 0x0000000708c00000|  0%| F|  |TAMS 0x0000000708a00000, 0x0000000708a00000| Untracked 
|  43|0x0000000708c00000, 0x0000000708c00000, 0x0000000708e00000|  0%| F|  |TAMS 0x0000000708c00000, 0x0000000708c00000| Untracked 
|  44|0x0000000708e00000, 0x0000000708e00000, 0x0000000709000000|  0%| F|  |TAMS 0x0000000708e00000, 0x0000000708e00000| Untracked 
|  45|0x0000000709000000, 0x0000000709000000, 0x0000000709200000|  0%| F|  |TAMS 0x0000000709000000, 0x0000000709000000| Untracked 
|  46|0x0000000709200000, 0x0000000709200000, 0x0000000709400000|  0%| F|  |TAMS 0x0000000709200000, 0x0000000709200000| Untracked 
|  47|0x0000000709400000, 0x0000000709400000, 0x0000000709600000|  0%| F|  |TAMS 0x0000000709400000, 0x0000000709400000| Untracked 
|  48|0x0000000709600000, 0x0000000709600000, 0x0000000709800000|  0%| F|  |TAMS 0x0000000709600000, 0x0000000709600000| Untracked 
|  49|0x0000000709800000, 0x0000000709800000, 0x0000000709a00000|  0%| F|  |TAMS 0x0000000709800000, 0x0000000709800000| Untracked 
|  50|0x0000000709a00000, 0x0000000709a00000, 0x0000000709c00000|  0%| F|  |TAMS 0x0000000709a00000, 0x0000000709a00000| Untracked 
|  51|0x0000000709c00000, 0x0000000709c00000, 0x0000000709e00000|  0%| F|  |TAMS 0x0000000709c00000, 0x0000000709c00000| Untracked 
|  52|0x0000000709e00000, 0x0000000709e00000, 0x000000070a000000|  0%| F|  |TAMS 0x0000000709e00000, 0x0000000709e00000| Untracked 
|  53|0x000000070a000000, 0x000000070a000000, 0x000000070a200000|  0%| F|  |TAMS 0x000000070a000000, 0x000000070a000000| Untracked 
|  54|0x000000070a200000, 0x000000070a200000, 0x000000070a400000|  0%| F|  |TAMS 0x000000070a200000, 0x000000070a200000| Untracked 
|  55|0x000000070a400000, 0x000000070a400000, 0x000000070a600000|  0%| F|  |TAMS 0x000000070a400000, 0x000000070a400000| Untracked 
|  56|0x000000070a600000, 0x000000070a600000, 0x000000070a800000|  0%| F|  |TAMS 0x000000070a600000, 0x000000070a600000| Untracked 
|  57|0x000000070a800000, 0x000000070a800000, 0x000000070aa00000|  0%| F|  |TAMS 0x000000070a800000, 0x000000070a800000| Untracked 
|  58|0x000000070aa00000, 0x000000070aa00000, 0x000000070ac00000|  0%| F|  |TAMS 0x000000070aa00000, 0x000000070aa00000| Untracked 
|  59|0x000000070ac00000, 0x000000070ac00000, 0x000000070ae00000|  0%| F|  |TAMS 0x000000070ac00000, 0x000000070ac00000| Untracked 
|  60|0x000000070ae00000, 0x000000070ae00000, 0x000000070b000000|  0%| F|  |TAMS 0x000000070ae00000, 0x000000070ae00000| Untracked 
|  61|0x000000070b000000, 0x000000070b000000, 0x000000070b200000|  0%| F|  |TAMS 0x000000070b000000, 0x000000070b000000| Untracked 
|  62|0x000000070b200000, 0x000000070b200000, 0x000000070b400000|  0%| F|  |TAMS 0x000000070b200000, 0x000000070b200000| Untracked 
|  63|0x000000070b400000, 0x000000070b400000, 0x000000070b600000|  0%| F|  |TAMS 0x000000070b400000, 0x000000070b400000| Untracked 
|  64|0x000000070b600000, 0x000000070b600000, 0x000000070b800000|  0%| F|  |TAMS 0x000000070b600000, 0x000000070b600000| Untracked 
|  65|0x000000070b800000, 0x000000070b800000, 0x000000070ba00000|  0%| F|  |TAMS 0x000000070b800000, 0x000000070b800000| Untracked 
|  66|0x000000070ba00000, 0x000000070ba00000, 0x000000070bc00000|  0%| F|  |TAMS 0x000000070ba00000, 0x000000070ba00000| Untracked 
|  67|0x000000070bc00000, 0x000000070bc00000, 0x000000070be00000|  0%| F|  |TAMS 0x000000070bc00000, 0x000000070bc00000| Untracked 
|  68|0x000000070be00000, 0x000000070be00000, 0x000000070c000000|  0%| F|  |TAMS 0x000000070be00000, 0x000000070be00000| Untracked 
|  69|0x000000070c000000, 0x000000070c000000, 0x000000070c200000|  0%| F|  |TAMS 0x000000070c000000, 0x000000070c000000| Untracked 
|  70|0x000000070c200000, 0x000000070c200000, 0x000000070c400000|  0%| F|  |TAMS 0x000000070c200000, 0x000000070c200000| Untracked 
|  71|0x000000070c400000, 0x000000070c400000, 0x000000070c600000|  0%| F|  |TAMS 0x000000070c400000, 0x000000070c400000| Untracked 
|  72|0x000000070c600000, 0x000000070c600000, 0x000000070c800000|  0%| F|  |TAMS 0x000000070c600000, 0x000000070c600000| Untracked 
|  73|0x000000070c800000, 0x000000070c800000, 0x000000070ca00000|  0%| F|  |TAMS 0x000000070c800000, 0x000000070c800000| Untracked 
|  74|0x000000070ca00000, 0x000000070ca00000, 0x000000070cc00000|  0%| F|  |TAMS 0x000000070ca00000, 0x000000070ca00000| Untracked 
|  75|0x000000070cc00000, 0x000000070cc00000, 0x000000070ce00000|  0%| F|  |TAMS 0x000000070cc00000, 0x000000070cc00000| Untracked 
|  76|0x000000070ce00000, 0x000000070ce00000, 0x000000070d000000|  0%| F|  |TAMS 0x000000070ce00000, 0x000000070ce00000| Untracked 
|  77|0x000000070d000000, 0x000000070d000000, 0x000000070d200000|  0%| F|  |TAMS 0x000000070d000000, 0x000000070d000000| Untracked 
|  78|0x000000070d200000, 0x000000070d200000, 0x000000070d400000|  0%| F|  |TAMS 0x000000070d200000, 0x000000070d200000| Untracked 
|  79|0x000000070d400000, 0x000000070d400000, 0x000000070d600000|  0%| F|  |TAMS 0x000000070d400000, 0x000000070d400000| Untracked 
|  80|0x000000070d600000, 0x000000070d600000, 0x000000070d800000|  0%| F|  |TAMS 0x000000070d600000, 0x000000070d600000| Untracked 
|  81|0x000000070d800000, 0x000000070d800000, 0x000000070da00000|  0%| F|  |TAMS 0x000000070d800000, 0x000000070d800000| Untracked 
|  82|0x000000070da00000, 0x000000070da00000, 0x000000070dc00000|  0%| F|  |TAMS 0x000000070da00000, 0x000000070da00000| Untracked 
|  83|0x000000070dc00000, 0x000000070dc00000, 0x000000070de00000|  0%| F|  |TAMS 0x000000070dc00000, 0x000000070dc00000| Untracked 
|  84|0x000000070de00000, 0x000000070de00000, 0x000000070e000000|  0%| F|  |TAMS 0x000000070de00000, 0x000000070de00000| Untracked 
|  85|0x000000070e000000, 0x000000070e000000, 0x000000070e200000|  0%| F|  |TAMS 0x000000070e000000, 0x000000070e000000| Untracked 
|  86|0x000000070e200000, 0x000000070e200000, 0x000000070e400000|  0%| F|  |TAMS 0x000000070e200000, 0x000000070e200000| Untracked 
|  87|0x000000070e400000, 0x000000070e400000, 0x000000070e600000|  0%| F|  |TAMS 0x000000070e400000, 0x000000070e400000| Untracked 
|  88|0x000000070e600000, 0x000000070e600000, 0x000000070e800000|  0%| F|  |TAMS 0x000000070e600000, 0x000000070e600000| Untracked 
|  89|0x000000070e800000, 0x000000070e800000, 0x000000070ea00000|  0%| F|  |TAMS 0x000000070e800000, 0x000000070e800000| Untracked 
|  90|0x000000070ea00000, 0x000000070ea00000, 0x000000070ec00000|  0%| F|  |TAMS 0x000000070ea00000, 0x000000070ea00000| Untracked 
|  91|0x000000070ec00000, 0x000000070ec00000, 0x000000070ee00000|  0%| F|  |TAMS 0x000000070ec00000, 0x000000070ec00000| Untracked 
|  92|0x000000070ee00000, 0x000000070ee00000, 0x000000070f000000|  0%| F|  |TAMS 0x000000070ee00000, 0x000000070ee00000| Untracked 
|  93|0x000000070f000000, 0x000000070f000000, 0x000000070f200000|  0%| F|  |TAMS 0x000000070f000000, 0x000000070f000000| Untracked 
|  94|0x000000070f200000, 0x000000070f200000, 0x000000070f400000|  0%| F|  |TAMS 0x000000070f200000, 0x000000070f200000| Untracked 
|  95|0x000000070f400000, 0x000000070f400000, 0x000000070f600000|  0%| F|  |TAMS 0x000000070f400000, 0x000000070f400000| Untracked 
|  96|0x000000070f600000, 0x000000070f600000, 0x000000070f800000|  0%| F|  |TAMS 0x000000070f600000, 0x000000070f600000| Untracked 
|  97|0x000000070f800000, 0x000000070f800000, 0x000000070fa00000|  0%| F|  |TAMS 0x000000070f800000, 0x000000070f800000| Untracked 
|  98|0x000000070fa00000, 0x000000070fa00000, 0x000000070fc00000|  0%| F|  |TAMS 0x000000070fa00000, 0x000000070fa00000| Untracked 
|  99|0x000000070fc00000, 0x000000070fc00000, 0x000000070fe00000|  0%| F|  |TAMS 0x000000070fc00000, 0x000000070fc00000| Untracked 
| 100|0x000000070fe00000, 0x000000070fe00000, 0x0000000710000000|  0%| F|  |TAMS 0x000000070fe00000, 0x000000070fe00000| Untracked 
| 101|0x0000000710000000, 0x0000000710000000, 0x0000000710200000|  0%| F|  |TAMS 0x0000000710000000, 0x0000000710000000| Untracked 
| 102|0x0000000710200000, 0x0000000710200000, 0x0000000710400000|  0%| F|  |TAMS 0x0000000710200000, 0x0000000710200000| Untracked 
| 103|0x0000000710400000, 0x0000000710400000, 0x0000000710600000|  0%| F|  |TAMS 0x0000000710400000, 0x0000000710400000| Untracked 
| 104|0x0000000710600000, 0x0000000710600000, 0x0000000710800000|  0%| F|  |TAMS 0x0000000710600000, 0x0000000710600000| Untracked 
| 105|0x0000000710800000, 0x0000000710800000, 0x0000000710a00000|  0%| F|  |TAMS 0x0000000710800000, 0x0000000710800000| Untracked 
| 106|0x0000000710a00000, 0x0000000710a00000, 0x0000000710c00000|  0%| F|  |TAMS 0x0000000710a00000, 0x0000000710a00000| Untracked 
| 107|0x0000000710c00000, 0x0000000710c00000, 0x0000000710e00000|  0%| F|  |TAMS 0x0000000710c00000, 0x0000000710c00000| Untracked 
| 108|0x0000000710e00000, 0x0000000710e00000, 0x0000000711000000|  0%| F|  |TAMS 0x0000000710e00000, 0x0000000710e00000| Untracked 
| 109|0x0000000711000000, 0x0000000711000000, 0x0000000711200000|  0%| F|  |TAMS 0x0000000711000000, 0x0000000711000000| Untracked 
| 110|0x0000000711200000, 0x0000000711200000, 0x0000000711400000|  0%| F|  |TAMS 0x0000000711200000, 0x0000000711200000| Untracked 
| 111|0x0000000711400000, 0x0000000711400000, 0x0000000711600000|  0%| F|  |TAMS 0x0000000711400000, 0x0000000711400000| Untracked 
| 112|0x0000000711600000, 0x0000000711600000, 0x0000000711800000|  0%| F|  |TAMS 0x0000000711600000, 0x0000000711600000| Untracked 
| 113|0x0000000711800000, 0x0000000711a00000, 0x0000000711a00000|100%| S|CS|TAMS 0x0000000711800000, 0x0000000711800000| Complete 
| 114|0x0000000711a00000, 0x0000000711a00000, 0x0000000711c00000|  0%| F|  |TAMS 0x0000000711a00000, 0x0000000711a00000| Untracked 
| 115|0x0000000711c00000, 0x0000000711c00000, 0x0000000711e00000|  0%| F|  |TAMS 0x0000000711c00000, 0x0000000711c00000| Untracked 
| 116|0x0000000711e00000, 0x0000000712000000, 0x0000000712000000|100%| S|CS|TAMS 0x0000000711e00000, 0x0000000711e00000| Complete 
| 117|0x0000000712000000, 0x0000000712000000, 0x0000000712200000|  0%| F|  |TAMS 0x0000000712000000, 0x0000000712000000| Untracked 
| 118|0x0000000712200000, 0x0000000712200000, 0x0000000712400000|  0%| F|  |TAMS 0x0000000712200000, 0x0000000712200000| Untracked 
| 119|0x0000000712400000, 0x0000000712400000, 0x0000000712600000|  0%| F|  |TAMS 0x0000000712400000, 0x0000000712400000| Untracked 
| 120|0x0000000712600000, 0x0000000712600000, 0x0000000712800000|  0%| F|  |TAMS 0x0000000712600000, 0x0000000712600000| Untracked 
| 121|0x0000000712800000, 0x0000000712800000, 0x0000000712a00000|  0%| F|  |TAMS 0x0000000712800000, 0x0000000712800000| Untracked 
| 122|0x0000000712a00000, 0x0000000712a00000, 0x0000000712c00000|  0%| F|  |TAMS 0x0000000712a00000, 0x0000000712a00000| Untracked 
| 123|0x0000000712c00000, 0x0000000712c00000, 0x0000000712e00000|  0%| F|  |TAMS 0x0000000712c00000, 0x0000000712c00000| Untracked 
| 124|0x0000000712e00000, 0x0000000712f04af8, 0x0000000713000000| 50%| E|  |TAMS 0x0000000712e00000, 0x0000000712e00000| Complete 
| 125|0x0000000713000000, 0x0000000713200000, 0x0000000713200000|100%| E|CS|TAMS 0x0000000713000000, 0x0000000713000000| Complete 
| 126|0x0000000713200000, 0x0000000713400000, 0x0000000713400000|100%| E|CS|TAMS 0x0000000713200000, 0x0000000713200000| Complete 

Card table byte_map: [0x0000028db4f20000,0x0000028db5710000] _byte_map_base: 0x0000028db1705000

Marking Bits (Prev, Next): (CMBitMap*) 0x0000028d9b7af240, (CMBitMap*) 0x0000028d9b7af280
 Prev Bits: [0x0000028db5f00000, 0x0000028db9e28000)
 Next Bits: [0x0000028db9e30000, 0x0000028dbdd58000)

Polling page: 0x0000028d9b470000

Metaspace:

Usage:
  Non-class:      7.84 MB used.
      Class:   1022.97 KB used.
       Both:      8.84 MB used.

Virtual space:
  Non-class space:       64.00 MB reserved,       7.94 MB ( 12%) committed,  1 nodes.
      Class space:        1.00 GB reserved,       1.12 MB ( <1%) committed,  1 nodes.
             Both:        1.06 GB reserved,       9.06 MB ( <1%) committed. 

Chunk freelists:
   Non-Class:  3.66 MB
       Class:  2.84 MB
        Both:  6.50 MB

MaxMetaspaceSize: unlimited
CompressedClassSpaceSize: 1.00 GB
Initial GC threshold: 21.00 MB
Current GC threshold: 21.00 MB
CDS: on
MetaspaceReclaimPolicy: balanced
 - commit_granule_bytes: 65536.
 - commit_granule_words: 8192.
 - virtual_space_node_default_size: 8388608.
 - enlarge_chunks_in_place: 1.
 - new_chunks_are_fully_committed: 0.
 - uncommit_free_chunks: 1.
 - use_allocation_guard: 0.


Internal statistics:

num_allocs_failed_limit: 0.
num_arena_births: 182.
num_arena_deaths: 0.
num_vsnodes_births: 2.
num_vsnodes_deaths: 0.
num_space_committed: 145.
num_space_uncommitted: 0.
num_chunks_returned_to_freelist: 0.
num_chunks_taken_from_freelist: 402.
num_chunk_merges: 0.
num_chunk_splits: 250.
num_chunks_enlarged: 176.
num_inconsistent_stats: 0.

CodeHeap 'non-profiled nmethods': size=120000Kb used=628Kb max_used=628Kb free=119371Kb
 bounds [0x0000028dac780000, 0x0000028dac9f0000, 0x0000028db3cb0000]
CodeHeap 'profiled nmethods': size=120000Kb used=2584Kb max_used=2584Kb free=117415Kb
 bounds [0x0000028da4cb0000, 0x0000028da4f40000, 0x0000028dac1e0000]
CodeHeap 'non-nmethods': size=5760Kb used=1276Kb max_used=1295Kb free=4483Kb
 bounds [0x0000028dac1e0000, 0x0000028dac450000, 0x0000028dac780000]
 total_blobs=1990 nmethods=1515 adapters=386
 compilation: enabled
              stopped_count=0, restarted_count=0
 full_count=0

Compilation events (20 events):
Event: 5.119 Thread 0x0000028dc4c17a20 1511       3       org.springframework.boot.context.properties.source.SpringConfigurationPropertySources$SourcesIterator::fetchNext (139 bytes)
Event: 5.119 Thread 0x0000028dc4c17a20 nmethod 1511 0x0000028da4f31510 code [0x0000028da4f31840, 0x0000028da4f32f48]
Event: 5.119 Thread 0x0000028dc4c17a20 1507       3       org.springframework.boot.context.properties.source.SpringIterableConfigurationPropertySource$ConfigurationPropertyNamesIterator::skipNulls (39 bytes)
Event: 5.120 Thread 0x0000028dc4c17a20 nmethod 1507 0x0000028da4f33410 code [0x0000028da4f335c0, 0x0000028da4f33818]
Event: 5.120 Thread 0x0000028dc4c17a20 1508       3       java.util.stream.Sink$ChainedReference::cancellationRequested (10 bytes)
Event: 5.120 Thread 0x0000028dc4c17a20 nmethod 1508 0x0000028da4f33910 code [0x0000028da4f33ac0, 0x0000028da4f33ca8]
Event: 5.120 Thread 0x0000028dc4c17a20 1513       3       org.springframework.boot.context.properties.source.ConfigurationPropertyName::isIndexed (12 bytes)
Event: 5.120 Thread 0x0000028dc4c17a20 nmethod 1513 0x0000028da4f33d90 code [0x0000028da4f33f40, 0x0000028da4f34118]
Event: 5.120 Thread 0x0000028dc4c17a20 1512       3       java.util.ArrayDeque::isEmpty (17 bytes)
Event: 5.120 Thread 0x0000028dc4c17a20 nmethod 1512 0x0000028da4f34290 code [0x0000028da4f34420, 0x0000028da4f34598]
Event: 5.120 Thread 0x0000028dc4c17a20 1516       3       org.springframework.boot.context.properties.source.SpringIterableConfigurationPropertySource$ConfigurationPropertyNamesIterator::hasNext (22 bytes)
Event: 5.120 Thread 0x0000028dc4c17a20 nmethod 1516 0x0000028da4f34610 code [0x0000028da4f347c0, 0x0000028da4f34968]
Event: 5.120 Thread 0x0000028dc4c17a20 1517       3       org.springframework.boot.context.properties.bind.IndexedElementsBinder$$Lambda$156/0x0000000801119968::test (12 bytes)
Event: 5.121 Thread 0x0000028dc4c17a20 nmethod 1517 0x0000028da4f34a90 code [0x0000028da4f34c80, 0x0000028da4f351f8]
Event: 5.121 Thread 0x0000028dc4c17a20 1514       1       java.util.stream.Sink::cancellationRequested (2 bytes)
Event: 5.121 Thread 0x0000028dc4c17a20 nmethod 1514 0x0000028dac81cc10 code [0x0000028dac81cda0, 0x0000028dac81ce78]
Event: 5.121 Thread 0x0000028dc4c17a20 1510       1       org.springframework.boot.context.properties.source.SpringConfigurationPropertySource::getUnderlyingSource (5 bytes)
Event: 5.121 Thread 0x0000028dc4c17a20 nmethod 1510 0x0000028dac81cf10 code [0x0000028dac81d0a0, 0x0000028dac81d178]
Event: 5.121 Thread 0x0000028dc4c17a20 1518       3       org.springframework.boot.context.properties.source.ConfigurationPropertyName::chop (26 bytes)
Event: 5.121 Thread 0x0000028dc4c17a20 nmethod 1518 0x0000028da4f35410 code [0x0000028da4f35620, 0x0000028da4f35e38]

GC Heap History (4 events):
Event: 0.423 GC heap before
{Heap before GC invocations=0 (full 0):
 garbage-first heap   total 260096K, used 20480K [0x0000000703600000, 0x0000000800000000)
  region size 2048K, 11 young (22528K), 0 survivors (0K)
 Metaspace       used 2790K, committed 3008K, reserved 1114112K
  class space    used 286K, committed 384K, reserved 1048576K
}
Event: 0.427 GC heap after
{Heap after GC invocations=1 (full 0):
 garbage-first heap   total 260096K, used 9408K [0x0000000703600000, 0x0000000800000000)
  region size 2048K, 2 young (4096K), 2 survivors (4096K)
 Metaspace       used 2790K, committed 3008K, reserved 1114112K
  class space    used 286K, committed 384K, reserved 1048576K
}
Event: 4.985 GC heap before
{Heap before GC invocations=1 (full 0):
 garbage-first heap   total 260096K, used 27840K [0x0000000703600000, 0x0000000800000000)
  region size 2048K, 12 young (24576K), 2 survivors (4096K)
 Metaspace       used 7930K, committed 8192K, reserved 1114112K
  class space    used 861K, committed 1024K, reserved 1048576K
}
Event: 4.996 GC heap after
{Heap after GC invocations=2 (full 0):
 garbage-first heap   total 260096K, used 14029K [0x0000000703600000, 0x0000000800000000)
  region size 2048K, 2 young (4096K), 2 survivors (4096K)
 Metaspace       used 7930K, committed 8192K, reserved 1114112K
  class space    used 861K, committed 1024K, reserved 1048576K
}

Dll operation events (11 events):
Event: 0.009 Loaded shared library C:\Program Files\Java\jdk-19\bin\java.dll
Event: 0.020 Loaded shared library C:\Program Files\Java\jdk-19\bin\jsvml.dll
Event: 0.113 Loaded shared library C:\Program Files\Java\jdk-19\bin\zip.dll
Event: 0.116 Loaded shared library C:\Program Files\Java\jdk-19\bin\instrument.dll
Event: 0.128 Loaded shared library C:\Program Files\Java\jdk-19\bin\net.dll
Event: 0.130 Loaded shared library C:\Program Files\Java\jdk-19\bin\nio.dll
Event: 0.134 Loaded shared library C:\Program Files\Java\jdk-19\bin\zip.dll
Event: 0.233 Loaded shared library C:\Program Files\JetBrains\IntelliJ IDEA Educational Edition 2022.2.2\bin\breakgen64.dll
Event: 0.242 Loaded shared library C:\Program Files\Java\jdk-19\bin\extnet.dll
Event: 0.257 Loaded shared library C:\Program Files\Java\jdk-19\bin\verify.dll
Event: 0.262 Loaded shared library C:\Program Files\Java\jdk-19\bin\jimage.dll

Deoptimization events (20 events):
Event: 2.791 Thread 0x0000028d9b73d8a0 Uncommon trap: trap_request=0xffffffde fr.pc=0x0000028dac7e0c38 relative=0x0000000000000478
Event: 2.791 Thread 0x0000028d9b73d8a0 Uncommon trap: reason=class_check action=maybe_recompile pc=0x0000028dac7e0c38 method=java.util.ImmutableCollections$MapN.probe(Ljava/lang/Object;)I @ 1 c2
Event: 2.792 Thread 0x0000028d9b73d8a0 DEOPT PACKING pc=0x0000028dac7e0c38 sp=0x0000009833bfd2f0
Event: 2.792 Thread 0x0000028d9b73d8a0 DEOPT UNPACKING pc=0x0000028dac24a5a3 sp=0x0000009833bfd2a0 mode 2
Event: 2.792 Thread 0x0000028d9b73d8a0 Uncommon trap: trap_request=0xffffffde fr.pc=0x0000028dac7e0c38 relative=0x0000000000000478
Event: 2.792 Thread 0x0000028d9b73d8a0 Uncommon trap: reason=class_check action=maybe_recompile pc=0x0000028dac7e0c38 method=java.util.ImmutableCollections$MapN.probe(Ljava/lang/Object;)I @ 1 c2
Event: 2.792 Thread 0x0000028d9b73d8a0 DEOPT PACKING pc=0x0000028dac7e0c38 sp=0x0000009833bfd2f0
Event: 2.792 Thread 0x0000028d9b73d8a0 DEOPT UNPACKING pc=0x0000028dac24a5a3 sp=0x0000009833bfd2a0 mode 2
Event: 2.792 Thread 0x0000028d9b73d8a0 Uncommon trap: trap_request=0xffffffde fr.pc=0x0000028dac7e0c38 relative=0x0000000000000478
Event: 2.792 Thread 0x0000028d9b73d8a0 Uncommon trap: reason=class_check action=maybe_recompile pc=0x0000028dac7e0c38 method=java.util.ImmutableCollections$MapN.probe(Ljava/lang/Object;)I @ 1 c2
Event: 2.792 Thread 0x0000028d9b73d8a0 DEOPT PACKING pc=0x0000028dac7e0c38 sp=0x0000009833bfd2f0
Event: 2.792 Thread 0x0000028d9b73d8a0 DEOPT UNPACKING pc=0x0000028dac24a5a3 sp=0x0000009833bfd2a0 mode 2
Event: 2.792 Thread 0x0000028d9b73d8a0 Uncommon trap: trap_request=0xffffffde fr.pc=0x0000028dac7e0c38 relative=0x0000000000000478
Event: 2.792 Thread 0x0000028d9b73d8a0 Uncommon trap: reason=class_check action=maybe_recompile pc=0x0000028dac7e0c38 method=java.util.ImmutableCollections$MapN.probe(Ljava/lang/Object;)I @ 1 c2
Event: 2.792 Thread 0x0000028d9b73d8a0 DEOPT PACKING pc=0x0000028dac7e0c38 sp=0x0000009833bfd2f0
Event: 2.792 Thread 0x0000028d9b73d8a0 DEOPT UNPACKING pc=0x0000028dac24a5a3 sp=0x0000009833bfd2a0 mode 2
Event: 2.843 Thread 0x0000028d9b73d8a0 DEOPT PACKING pc=0x0000028da4d3dfb1 sp=0x0000009833bfc910
Event: 2.843 Thread 0x0000028d9b73d8a0 DEOPT UNPACKING pc=0x0000028dac24b0e3 sp=0x0000009833bfbe18 mode 0
Event: 3.924 Thread 0x0000028d9b73d8a0 DEOPT PACKING pc=0x0000028da4e3cb7e sp=0x0000009833bfe230
Event: 3.924 Thread 0x0000028d9b73d8a0 DEOPT UNPACKING pc=0x0000028dac24b0e3 sp=0x0000009833bfd6a0 mode 0

Classes loaded (20 events):
Event: 5.040 Loading class java/util/AbstractSequentialList done
Event: 5.040 Loading class java/util/LinkedList done
Event: 5.042 Loading class java/util/LinkedList$Node
Event: 5.042 Loading class java/util/LinkedList$Node done
Event: 5.044 Loading class java/util/LinkedList$ListItr
Event: 5.044 Loading class java/util/LinkedList$ListItr done
Event: 5.063 Loading class java/beans/PropertyEditorSupport
Event: 5.063 Loading class java/beans/PropertyEditor
Event: 5.063 Loading class java/beans/PropertyEditor done
Event: 5.063 Loading class java/beans/PropertyEditorSupport done
Event: 5.078 Loading class java/lang/invoke/MethodHandle$1
Event: 5.078 Loading class java/lang/invoke/MethodHandle$1 done
Event: 5.099 Loading class java/util/stream/StreamSpliterators$WrappingSpliterator
Event: 5.099 Loading class java/util/stream/StreamSpliterators$AbstractWrappingSpliterator
Event: 5.099 Loading class java/util/stream/StreamSpliterators$AbstractWrappingSpliterator done
Event: 5.099 Loading class java/util/stream/StreamSpliterators$WrappingSpliterator done
Event: 5.099 Loading class java/util/stream/StreamSpliterators
Event: 5.100 Loading class java/util/stream/StreamSpliterators done
Event: 5.100 Loading class java/util/function/BooleanSupplier
Event: 5.100 Loading class java/util/function/BooleanSupplier done

Classes unloaded (0 events):
No events

Classes redefined (0 events):
No events

Internal exceptions (20 events):
Event: 2.776 Thread 0x0000028d9b73d8a0 Exception <a 'java/lang/NoSuchMethodError'{0x00000007125280f8}: 'int java.lang.invoke.DirectMethodHandle$Holder.invokeStaticInit(java.lang.Object, java.lang.Object, java.lang.Object)'> (0x00000007125280f8) 
thrown [s\open\src\hotspot\share\interpreter\linkResolver.cpp, line 774]
Event: 2.784 Thread 0x0000028d9b73d8a0 Exception <a 'java/lang/NoSuchMethodError'{0x0000000712589228}: 'java.lang.Object java.lang.invoke.DirectMethodHandle$Holder.newInvokeSpecial(java.lang.Object, java.lang.Object, java.lang.Object, java.lang.Object, java.lang.Object)'> (0x0000000712589228) 
thrown [s\open\src\hotspot\share\interpreter\linkResolver.cpp, line 774]
Event: 2.793 Thread 0x0000028d9b73d8a0 Exception <a 'java/lang/NoSuchMethodError'{0x00000007125dbdd0}: 'java.lang.Object java.lang.invoke.DirectMethodHandle$Holder.invokeStaticInit(java.lang.Object, java.lang.Object, java.lang.Object)'> (0x00000007125dbdd0) 
thrown [s\open\src\hotspot\share\interpreter\linkResolver.cpp, line 774]
Event: 2.813 Thread 0x0000028d9b73d8a0 Exception <a 'java/lang/IncompatibleClassChangeError'{0x0000000712256be0}: Found class java.lang.Object, but interface was expected> (0x0000000712256be0) 
thrown [s\open\src\hotspot\share\interpreter\linkResolver.cpp, line 841]
Event: 2.830 Thread 0x0000028d9b73d8a0 Exception <a 'java/lang/NoSuchMethodError'{0x00000007122dceb8}: 'java.lang.Object java.lang.invoke.DirectMethodHandle$Holder.invokeStaticInit(java.lang.Object)'> (0x00000007122dceb8) 
thrown [s\open\src\hotspot\share\interpreter\linkResolver.cpp, line 774]
Event: 2.833 Thread 0x0000028d9b73d8a0 Exception <a 'sun/nio/fs/WindowsException'{0x00000007122f2130}> (0x00000007122f2130) 
thrown [s\open\src\hotspot\share\prims\jni.cpp, line 517]
Event: 3.952 Thread 0x0000028d9b73d8a0 Exception <a 'java/lang/NoSuchMethodError'{0x00000007121a8448}: 'java.lang.Object java.lang.invoke.DirectMethodHandle$Holder.invokeStatic(java.lang.Object, long, java.lang.Object)'> (0x00000007121a8448) 
thrown [s\open\src\hotspot\share\interpreter\linkResolver.cpp, line 774]
Event: 3.952 Thread 0x0000028d9b73d8a0 Exception <a 'java/lang/NoSuchMethodError'{0x00000007121aba98}: 'java.lang.Object java.lang.invoke.DirectMethodHandle$Holder.invokeStaticInit(java.lang.Object, long, java.lang.Object)'> (0x00000007121aba98) 
thrown [s\open\src\hotspot\share\interpreter\linkResolver.cpp, line 774]
Event: 3.953 Thread 0x0000028d9b73d8a0 Exception <a 'java/lang/NoSuchMethodError'{0x00000007121b1818}: 'java.lang.Object java.lang.invoke.DirectMethodHandle$Holder.newInvokeSpecial(java.lang.Object, long)'> (0x00000007121b1818) 
thrown [s\open\src\hotspot\share\interpreter\linkResolver.cpp, line 774]
Event: 4.983 Thread 0x0000028d9b73d8a0 Exception <a 'java/lang/NoSuchMethodError'{0x00000007121f3340}: 'int java.lang.invoke.DirectMethodHandle$Holder.invokeSpecial(java.lang.Object, java.lang.Object, java.lang.Object)'> (0x00000007121f3340) 
thrown [s\open\src\hotspot\share\interpreter\linkResolver.cpp, line 774]
Event: 4.998 Thread 0x0000028d9b73d8a0 Exception <a 'java/lang/NoSuchMethodError'{0x000000071320a078}: 'void java.lang.invoke.DirectMethodHandle$Holder.invokeStaticInit(java.lang.Object)'> (0x000000071320a078) 
thrown [s\open\src\hotspot\share\interpreter\linkResolver.cpp, line 774]
Event: 5.030 Thread 0x0000028d9b73d8a0 Exception <a 'java/lang/NoSuchMethodError'{0x00000007132ffca0}: 'int java.lang.invoke.DirectMethodHandle$Holder.invokeStatic(java.lang.Object, java.lang.Object, java.lang.Object, java.lang.Object)'> (0x00000007132ffca0) 
thrown [s\open\src\hotspot\share\interpreter\linkResolver.cpp, line 774]
Event: 5.039 Thread 0x0000028d9b73d8a0 Exception <a 'java/lang/NoSuchMethodError'{0x0000000713337828}: 'java.lang.Object java.lang.invoke.DirectMethodHandle$Holder.invokeVirtual(java.lang.Object, java.lang.Object, java.lang.Object)'> (0x0000000713337828) 
thrown [s\open\src\hotspot\share\interpreter\linkResolver.cpp, line 774]
Event: 5.072 Thread 0x0000028d9b73d8a0 Exception <a 'java/lang/NoSuchMethodError'{0x000000071309f738}: 'void java.lang.invoke.DirectMethodHandle$Holder.invokeSpecial(java.lang.Object, java.lang.Object, java.lang.Object)'> (0x000000071309f738) 
thrown [s\open\src\hotspot\share\interpreter\linkResolver.cpp, line 774]
Event: 5.077 Thread 0x0000028d9b73d8a0 Exception <a 'java/lang/NoSuchMethodError'{0x00000007130c1260}: 'java.lang.Object java.lang.invoke.DirectMethodHandle$Holder.newInvokeSpecial(java.lang.Object, java.lang.Object, java.lang.Object, java.lang.Object, java.lang.Object, java.lang.Object, java.lang.Object)'> (0x00000007130c1260) 
thrown [s\open\src\hotspot\share\interpreter\linkResolver.cpp, line 774]
Event: 5.080 Thread 0x0000028d9b73d8a0 Exception <a 'java/lang/NoSuchMethodError'{0x00000007130ff498}: 'void java.lang.invoke.DirectMethodHandle$Holder.invokeStaticInit(java.lang.Object, java.lang.Object)'> (0x00000007130ff498) 
thrown [s\open\src\hotspot\share\interpreter\linkResolver.cpp, line 774]
Event: 5.083 Thread 0x0000028d9b73d8a0 Exception <a 'java/lang/NoSuchMethodError'{0x00000007131210b8}: 'void java.lang.invoke.DirectMethodHandle$Holder.invokeInterface(java.lang.Object, java.lang.Object)'> (0x00000007131210b8) 
thrown [s\open\src\hotspot\share\interpreter\linkResolver.cpp, line 774]
Event: 5.097 Thread 0x0000028d9b73d8a0 Exception <a 'java/lang/NoSuchMethodError'{0x00000007131c2110}: 'java.lang.Object java.lang.invoke.DirectMethodHandle$Holder.invokeSpecial(java.lang.Object, java.lang.Object, java.lang.Object, java.lang.Object, java.lang.Object, java.lang.Object, int)'> (0x00000007131c2110) 
thrown [s\open\src\hotspot\share\interpreter\linkResolver.cpp, line 774]
Event: 5.098 Thread 0x0000028d9b73d8a0 Exception <a 'java/lang/NoSuchMethodError'{0x00000007131cc690}: 'java.lang.Object java.lang.invoke.DirectMethodHandle$Holder.newInvokeSpecial(java.lang.Object, java.lang.Object, java.lang.Object, java.lang.Object, java.lang.Object, java.lang.Object, int)'> (0x00000007131cc690) 
thrown [s\open\src\hotspot\share\interpreter\linkResolver.cpp, line 774]
Event: 5.098 Thread 0x0000028d9b73d8a0 Exception <a 'java/lang/NoSuchMethodError'{0x00000007131d16f8}: 'java.lang.Object java.lang.invoke.DirectMethodHandle$Holder.invokeSpecial(java.lang.Object, java.lang.Object, java.lang.Object, java.lang.Object, java.lang.Object, java.lang.Object, java.lang.Object, int)'> (0x00000007131d16f8) 
thrown [s\open\src\hotspot\share\interpreter\linkResolver.cpp, line 774]

VM Operations (20 events):
Event: 1.459 Executing VM operation: Cleanup
Event: 1.553 Executing VM operation: Cleanup done
Event: 2.567 Executing VM operation: Cleanup
Event: 2.646 Executing VM operation: Cleanup done
Event: 2.727 Executing VM operation: HandshakeAllThreads
Event: 2.727 Executing VM operation: HandshakeAllThreads done
Event: 2.728 Executing VM operation: HandshakeAllThreads
Event: 2.728 Executing VM operation: HandshakeAllThreads done
Event: 2.834 Executing VM operation: HandshakeAllThreads
Event: 2.834 Executing VM operation: HandshakeAllThreads done
Event: 2.845 Executing VM operation: HandshakeAllThreads
Event: 2.845 Executing VM operation: HandshakeAllThreads done
Event: 3.857 Executing VM operation: Cleanup
Event: 3.889 Executing VM operation: Cleanup done
Event: 4.903 Executing VM operation: Cleanup
Event: 4.981 Executing VM operation: Cleanup done
Event: 4.985 Executing VM operation: G1CollectForAllocation
Event: 4.996 Executing VM operation: G1CollectForAllocation done
Event: 5.998 Executing VM operation: Cleanup
Event: 5.999 Executing VM operation: Cleanup done

Events (17 events):
Event: 0.021 Thread 0x0000028d9b73d8a0 Thread added: 0x0000028d9b73d8a0
Event: 0.032 Thread 0x0000028dc042e550 Thread added: 0x0000028dc042e550
Event: 0.032 Thread 0x0000028dc042ea90 Thread added: 0x0000028dc042ea90
Event: 0.033 Thread 0x0000028dc4c06a20 Thread added: 0x0000028dc4c06a20
Event: 0.033 Thread 0x0000028dc4c07980 Thread added: 0x0000028dc4c07980
Event: 0.033 Thread 0x0000028dc4c07ec0 Thread added: 0x0000028dc4c07ec0
Event: 0.033 Thread 0x0000028dc4c10830 Thread added: 0x0000028dc4c10830
Event: 0.033 Thread 0x0000028dc4c130b0 Thread added: 0x0000028dc4c130b0
Event: 0.033 Thread 0x0000028dc4c17a20 Thread added: 0x0000028dc4c17a20
Event: 0.033 Thread 0x0000028dc4c183b0 Thread added: 0x0000028dc4c183b0
Event: 0.096 Thread 0x0000028dc4d4d670 Thread added: 0x0000028dc4d4d670
Event: 0.174 Thread 0x0000028dc4e5b2a0 Thread added: 0x0000028dc4e5b2a0
Event: 0.234 Thread 0x0000028dc4f8eae0 Thread added: 0x0000028dc4f8eae0
Event: 0.234 Thread 0x0000028dc50b3660 Thread added: 0x0000028dc50b3660
Event: 0.443 Thread 0x0000028dc574fd90 Thread added: 0x0000028dc574fd90
Event: 2.656 Thread 0x0000028dc574fd90 Thread exited: 0x0000028dc574fd90
Event: 3.897 Thread 0x0000028dc4e5b2a0 Thread exited: 0x0000028dc4e5b2a0


Dynamic libraries:
0x00007ff7aa720000 - 0x00007ff7aa730000 	C:\Program Files\Java\jdk-19\bin\java.exe
0x00007ffe45580000 - 0x00007ffe457e8000 	C:\WINDOWS\SYSTEM32\ntdll.dll
0x00007ffe441e0000 - 0x00007ffe442a9000 	C:\WINDOWS\System32\KERNEL32.DLL
0x00007ffe42bc0000 - 0x00007ffe42fad000 	C:\WINDOWS\System32\KERNELBASE.dll
0x00007ffe42fb0000 - 0x00007ffe430fb000 	C:\WINDOWS\System32\ucrtbase.dll
0x00007ffe330a0000 - 0x00007ffe330b8000 	C:\Program Files\Java\jdk-19\bin\jli.dll
0x00007ffe32ea0000 - 0x00007ffe32ebb000 	C:\Program Files\Java\jdk-19\bin\VCRUNTIME140.dll
0x00007ffe43b50000 - 0x00007ffe43c04000 	C:\WINDOWS\System32\ADVAPI32.dll
0x00007ffe43e90000 - 0x00007ffe43f39000 	C:\WINDOWS\System32\msvcrt.dll
0x00007ffe44130000 - 0x00007ffe441d6000 	C:\WINDOWS\System32\sechost.dll
0x00007ffe44af0000 - 0x00007ffe44c08000 	C:\WINDOWS\System32\RPCRT4.dll
0x00007ffe43320000 - 0x00007ffe434ec000 	C:\WINDOWS\System32\USER32.dll
0x00007ffe43260000 - 0x00007ffe43287000 	C:\WINDOWS\System32\win32u.dll
0x00007ffe258c0000 - 0x00007ffe25b5a000 	C:\WINDOWS\WinSxS\amd64_microsoft.windows.common-controls_6595b64144ccf1df_6.0.26100.4484_none_3e0e6d4ce32ef3b3\COMCTL32.dll
0x00007ffe43f40000 - 0x00007ffe43f6b000 	C:\WINDOWS\System32\GDI32.dll
0x00007ffe429d0000 - 0x00007ffe42b07000 	C:\WINDOWS\System32\gdi32full.dll
0x00007ffe42b10000 - 0x00007ffe42bb3000 	C:\WINDOWS\System32\msvcp_win.dll
0x00007ffe34980000 - 0x00007ffe3498b000 	C:\WINDOWS\SYSTEM32\VERSION.dll
0x00007ffe44c20000 - 0x00007ffe44c4f000 	C:\WINDOWS\System32\IMM32.DLL
0x00007ffe35510000 - 0x00007ffe3551c000 	C:\Program Files\Java\jdk-19\bin\vcruntime140_1.dll
0x00007ffe00290000 - 0x00007ffe0031e000 	C:\Program Files\Java\jdk-19\bin\msvcp140.dll
0x00007ffda2650000 - 0x00007ffda3310000 	C:\Program Files\Java\jdk-19\bin\server\jvm.dll
0x00007ffe27b90000 - 0x00007ffe27b9a000 	C:\WINDOWS\SYSTEM32\WSOCK32.dll
0x00007ffe2be80000 - 0x00007ffe2beb5000 	C:\WINDOWS\SYSTEM32\WINMM.dll
0x00007ffe442b0000 - 0x00007ffe44324000 	C:\WINDOWS\System32\WS2_32.dll
0x00007ffe41470000 - 0x00007ffe4148b000 	C:\WINDOWS\SYSTEM32\kernel.appcore.dll
0x00007ffe336a0000 - 0x00007ffe336aa000 	C:\Program Files\Java\jdk-19\bin\jimage.dll
0x00007ffe3fc40000 - 0x00007ffe3fe81000 	C:\WINDOWS\SYSTEM32\DBGHELP.DLL
0x00007ffe435f0000 - 0x00007ffe43976000 	C:\WINDOWS\System32\combase.dll
0x00007ffe43c30000 - 0x00007ffe43d10000 	C:\WINDOWS\System32\OLEAUT32.dll
0x00007ffe23c10000 - 0x00007ffe23c53000 	C:\WINDOWS\SYSTEM32\dbgcore.DLL
0x00007ffe431c0000 - 0x00007ffe43259000 	C:\WINDOWS\System32\bcryptPrimitives.dll
0x00007ffe2bdf0000 - 0x00007ffe2bdfe000 	C:\Program Files\Java\jdk-19\bin\instrument.dll
0x00007ffe32b90000 - 0x00007ffe32bb6000 	C:\Program Files\Java\jdk-19\bin\java.dll
0x00007ffdeb990000 - 0x00007ffdeba67000 	C:\Program Files\Java\jdk-19\bin\jsvml.dll
0x00007ffe44330000 - 0x00007ffe44a7a000 	C:\WINDOWS\System32\SHELL32.dll
0x00007ffe42850000 - 0x00007ffe429c4000 	C:\WINDOWS\System32\wintypes.dll
0x00007ffe40330000 - 0x00007ffe40b8b000 	C:\WINDOWS\SYSTEM32\windows.storage.dll
0x00007ffe44cb0000 - 0x00007ffe44da5000 	C:\WINDOWS\System32\SHCORE.dll
0x00007ffe44a80000 - 0x00007ffe44aea000 	C:\WINDOWS\System32\shlwapi.dll
0x00007ffe425e0000 - 0x00007ffe4260f000 	C:\WINDOWS\SYSTEM32\profapi.dll
0x00007ffe329b0000 - 0x00007ffe329c8000 	C:\Program Files\Java\jdk-19\bin\zip.dll
0x00007ffe32cd0000 - 0x00007ffe32ce3000 	C:\Program Files\Java\jdk-19\bin\net.dll
0x00007ffe39570000 - 0x00007ffe3968e000 	C:\WINDOWS\SYSTEM32\WINHTTP.dll
0x00007ffe41a00000 - 0x00007ffe41a6a000 	C:\WINDOWS\system32\mswsock.dll
0x00007ffe32b70000 - 0x00007ffe32b86000 	C:\Program Files\Java\jdk-19\bin\nio.dll
0x00007ffe22b30000 - 0x00007ffe22b4a000 	C:\Program Files\JetBrains\IntelliJ IDEA Educational Edition 2022.2.2\bin\breakgen64.dll
0x00007ffe33090000 - 0x00007ffe33098000 	C:\Program Files\Java\jdk-19\bin\extnet.dll
0x00007ffe329a0000 - 0x00007ffe329b0000 	C:\Program Files\Java\jdk-19\bin\verify.dll

dbghelp: loaded successfully - version: 4.0.5 - missing functions: none
symbol engine: initialized successfully - sym options: 0x614 - pdb path: .;C:\Program Files\Java\jdk-19\bin;C:\WINDOWS\SYSTEM32;C:\WINDOWS\WinSxS\amd64_microsoft.windows.common-controls_6595b64144ccf1df_6.0.26100.4484_none_3e0e6d4ce32ef3b3;C:\Program Files\Java\jdk-19\bin\server;C:\Program Files\JetBrains\IntelliJ IDEA Educational Edition 2022.2.2\bin

VM Arguments:
jvm_args: -javaagent:C:\Program Files\JetBrains\IntelliJ IDEA Educational Edition 2022.2.2\lib\idea_rt.jar=22246:C:\Program Files\JetBrains\IntelliJ IDEA Educational Edition 2022.2.2\bin -Dfile.encoding=UTF-8 -Dsun.stdout.encoding=UTF-8 -Dsun.stderr.encoding=UTF-8 
java_command: com.cognizant.config_server.ConfigServerApplication
java_class_path (initial): C:\Users\satya\Desktop\Github\Week5 - Microservices\1 Microservices\config-server\target\classes;C:\Users\satya\.m2\repository\org\springframework\boot\spring-boot-starter-web\3.5.3\spring-boot-starter-web-3.5.3.jar;C:\Users\satya\.m2\repository\org\springframework\boot\spring-boot-starter\3.5.3\spring-boot-starter-3.5.3.jar;C:\Users\satya\.m2\repository\org\springframework\boot\spring-boot\3.5.3\spring-boot-3.5.3.jar;C:\Users\satya\.m2\repository\org\springframework\boot\spring-boot-autoconfigure\3.5.3\spring-boot-autoconfigure-3.5.3.jar;C:\Users\satya\.m2\repository\org\springframework\boot\spring-boot-starter-logging\3.5.3\spring-boot-starter-logging-3.5.3.jar;C:\Users\satya\.m2\repository\ch\qos\logback\logback-classic\1.5.18\logback-classic-1.5.18.jar;C:\Users\satya\.m2\repository\ch\qos\logback\logback-core\1.5.18\logback-core-1.5.18.jar;C:\Users\satya\.m2\repository\org\apache\logging\log4j\log4j-to-slf4j\2.24.3\log4j-to-slf4j-2.24.3.jar;C:\Users\satya\.m2\repository\org\apache\logging\log4j\log4j-api\2.24.3\log4j-api-2.24.3.jar;C:\Users\satya\.m2\repository\org\slf4j\jul-to-slf4j\2.0.17\jul-to-slf4j-2.0.17.jar;C:\Users\satya\.m2\repository\jakarta\annotation\jakarta.annotation-api\2.1.1\jakarta.annotation-api-2.1.1.jar;C:\Users\satya\.m2\repository\org\springframework\boot\spring-boot-starter-json\3.5.3\spring-boot-starter-json-3.5.3.jar;C:\Users\satya\.m2\repository\com\fasterxml\jackson\core\jackson-databind\2.19.1\jackson-databind-2.19.1.jar;C:\Users\satya\.m2\repository\com\fasterxml\jackson\datatype\jackson-datatype-jdk8\2.19.1\jackson-datatype-jdk8-2.19.1.jar;C:\Users\satya\.m2\repository\com\fasterxml\jackson\datatype\jackson-datatype-jsr310\2.19.1\jackson-datatype-jsr310-2.19.1.jar;C:\Users\satya\.m2\repository\com\fasterxml\jackson\module\jackson-module-parameter-names\2.19.1\jackson-module-parameter-names-2.19.1.jar;C:\Users\satya\.m2\repository\org\springframework\boot\spring-boot-starter-tomcat\3.5.3\spring-boot-starter-tomcat-3.5.3.jar;C:\Users\satya\.m2\repository\org\apache\tomcat\embed\tomcat-embed-core\10.1.42\tomcat-embed-core-10.1.42.jar;C:\Users\satya\.m2\repository\org\apache\tomcat\embed\tomcat-embed-el\10.1.42\tomcat-embed-el-10.1.42.jar;C:\Users\satya\.m2\repository\org\apache\tomcat\embed\tomcat-embed-websocket\10.1.42\tomcat-embed-websocket-10.1.42.jar;C:\Users\satya\.m2\repository\org\springframework\spring-web\6.2.8\spring-web-6.2.8.jar;C:\Users\satya\.m2\repository\org\springframework\spring-beans\6.2.8\spring-beans-6.2.8.jar;C:\Users\satya\.m2\repository\org\springframework\spring-webmvc\6.2.8\spring-webmvc-6.2.8.jar;C:\Users\satya\.m2\repository\org\springframework\spring-aop\6.2.8\spring-aop-6.2.8.jar;C:\Users\satya\.m2\repository\org\springframework\spring-context\6.2.8\spring-context-6.2.8.jar;C:\Users\satya\.m2\repository\org\springframework\spring-expression\6.2.8\spring-expression-6.2.8.jar;C:\Users\satya\.m2\repository\org\springframework\cloud\spring-cloud-config-server\4.3.0\spring-cloud-config-server-4.3.0.jar;C:\Users\satya\.m2\repository\org\springframework\cloud\spring-cloud-config-client\4.3.0\spring-cloud-config-client-4.3.0.jar;C:\Users\satya\.m2\repository\org\springframework\cloud\spring-cloud-starter\4.3.0\spring-cloud-starter-4.3.0.jar;C:\Users\satya\.m2\repository\org\springframework\cloud\spring-cloud-context\4.3.0\spring-cloud-context-4.3.0.jar;C:\Users\satya\.m2\repository\org\springframework\cloud\spring-cloud-commons\4.3.0\spring-cloud-commons-4.3.0.jar;C:\Users\satya\.m2\repository\org\bouncycastle\bcprov-jdk18on\1.80\bcprov-jdk18on-1.80.jar;C:\Users\satya\.m2\repository\com\fasterxml\jackson\core\jackson-annotations\2.19.1\jackson-annotations-2.19.1.jar;C:\Users\satya\.m2\repository\io\micrometer\micrometer-observation\1.15.1\micrometer-observation-1.15.1.jar;C:\Users\satya\.m2\repository\io\micrometer\micrometer-commons\1.15.1\micrometer-commons-1.15.1.jar;C:\Users\satya\.m2\repository\org\springframework\boot\spring-boot-starter-validation\3.5.3\spring-boot-starter-validation-3.5.3.jar;C:\Users\satya\.m2\repository\org\hibernate\validator\hibernate-validator\8.0.2.Final\hibernate-validator-8.0.2.Final.jar;C:\Users\satya\.m2\repository\jakarta\validation\jakarta.validation-api\3.0.2\jakarta.validation-api-3.0.2.jar;C:\Users\satya\.m2\repository\org\jboss\logging\jboss-logging\3.6.1.Final\jboss-logging-3.6.1.Final.jar;C:\Users\satya\.m2\repository\com\fasterxml\classmate\1.7.0\classmate-1.7.0.jar;C:\Users\satya\.m2\repository\org\springframework\security\spring-security-crypto\6.5.1\spring-security-crypto-6.5.1.jar;C:\Users\satya\.m2\repository\org\apache\httpcomponents\client5\httpclient5\5.5\httpclient5-5.5.jar;C:\Users\satya\.m2\repository\org\apache\httpcomponents\core5\httpcore5\5.3.4\httpcore5-5.3.4.jar;C:\Users\satya\.m2\repository\org\apache\httpcomponents\core5\httpcore5-h2\5.3.4\httpcore5-h2-5.3.4.jar;C:\Users\satya\.m2\repository\org\slf4j\slf4j-api\2.0.17\slf4j-api-2.0.17.jar;C:\Users\satya\.m2\repository\org\eclipse\jgit\org.eclipse.jgit\6.10.1.202505221210-r\org.eclipse.jgit-6.10.1.202505221210-r.jar;C:\Users\satya\.m2\repository\com\googlecode\javaewah\JavaEWAH\1.2.3\JavaEWAH-1.2.3.jar;C:\Users\satya\.m2\repository\commons-codec\commons-codec\1.18.0\commons-codec-1.18.0.jar;C:\Users\satya\.m2\repository\org\eclipse\jgit\org.eclipse.jgit.http.apache\6.10.1.202505221210-r\org.eclipse.jgit.http.apache-6.10.1.202505221210-r.jar;C:\Users\satya\.m2\repository\org\apache\httpcomponents\httpclient\4.5.14\httpclient-4.5.14.jar;C:\Users\satya\.m2\repository\commons-logging\commons-logging\1.2\commons-logging-1.2.jar;C:\Users\satya\.m2\repository\org\apache\httpcomponents\httpcore\4.4.16\httpcore-4.4.16.jar;C:\Users\satya\.m2\repository\org\eclipse\jgit\org.eclipse.jgit.ssh.apache\6.10.1.202505221210-r\org.eclipse.jgit.ssh.apache-6.10.1.202505221210-r.jar;C:\Users\satya\.m2\repository\org\apache\sshd\sshd-osgi\2.14.0\sshd-osgi-2.14.0.jar;C:\Users\satya\.m2\repository\org\slf4j\jcl-over-slf4j\2.0.17\jcl-over-slf4j-2.0.17.jar;C:\Users\satya\.m2\repository\org\apache\sshd\sshd-sftp\2.14.0\sshd-sftp-2.14.0.jar;C:\Users\satya\.m2\repository\net\i2p\crypto\eddsa\0.3.0\eddsa-0.3.0.jar;C:\Users\satya\.m2\repository\org\yaml\snakeyaml\2.4\snakeyaml-2.4.jar;C:\Users\satya\.m2\repository\com\fasterxml\jackson\dataformat\jackson-dataformat-yaml\2.19.1\jackson-dataformat-yaml-2.19.1.jar;C:\Users\satya\.m2\repository\com\fasterxml\jackson\core\jackson-core\2.19.1\jackson-core-2.19.1.jar;C:\Users\satya\.m2\repository\org\springframework\spring-core\6.2.8\spring-core-6.2.8.jar;C:\Users\satya\.m2\repository\org\springframework\spring-jcl\6.2.8\spring-jcl-6.2.8.jar
Launcher Type: SUN_STANDARD

[Global flags]
     intx CICompilerCount                          = 4                                         {product} {ergonomic}
     uint ConcGCThreads                            = 2                                         {product} {ergonomic}
     uint G1ConcRefinementThreads                  = 8                                         {product} {ergonomic}
   size_t G1HeapRegionSize                         = 2097152                                   {product} {ergonomic}
    uintx GCDrainStackTargetSize                   = 64                                        {product} {ergonomic}
   size_t InitialHeapSize                          = 266338304                                 {product} {ergonomic}
   size_t MarkStackSize                            = 4194304                                   {product} {ergonomic}
   size_t MaxHeapSize                              = 4238344192                                {product} {ergonomic}
   size_t MaxNewSize                               = 2541748224                                {product} {ergonomic}
   size_t MinHeapDeltaBytes                        = 2097152                                   {product} {ergonomic}
   size_t MinHeapSize                              = 8388608                                   {product} {ergonomic}
    uintx NonNMethodCodeHeapSize                   = 5839372                                {pd product} {ergonomic}
    uintx NonProfiledCodeHeapSize                  = 122909434                              {pd product} {ergonomic}
    uintx ProfiledCodeHeapSize                     = 122909434                              {pd product} {ergonomic}
    uintx ReservedCodeCacheSize                    = 251658240                              {pd product} {ergonomic}
     bool SegmentedCodeCache                       = true                                      {product} {ergonomic}
   size_t SoftMaxHeapSize                          = 4238344192                             {manageable} {ergonomic}
     bool UseCompressedClassPointers               = true                           {product lp64_product} {ergonomic}
     bool UseCompressedOops                        = true                           {product lp64_product} {ergonomic}
     bool UseG1GC                                  = true                                      {product} {ergonomic}
     bool UseLargePagesIndividualAllocation        = false                                  {pd product} {ergonomic}

Logging:
Log output configuration:
 #0: stdout all=warning uptime,level,tags foldmultilines=false
 #1: stderr all=off uptime,level,tags foldmultilines=false

Environment Variables:
JAVA_HOME=C:\Program Files\Java\jdk-19
CLASSPATH=C:\Program Files (x86)\MySQL\Connector J 8.0\mysql-connector-java-8.0.30.jar;.;
PATH=C:\Python313\Scripts\;C:\Python313\;C:\Program Files (x86)\VMware\VMware Workstation\bin\;C:\WINDOWS\system32;C:\WINDOWS;C:\WINDOWS\System32\Wbem;C:\WINDOWS\System32\WindowsPowerShell\v1.0\;C:\WINDOWS\System32\OpenSSH\;C:\Program Files\dotnet\;C:\Program Files\JetBrains\IntelliJ IDEA Educational Edition 2022.2.2\plugins\maven\lib\maven3\bin;C:\Program Files\PuTTY\;C:\Program Files\Microsoft SQL Server\150\Tools\Binn\;C:\Users\satya\AppData\Local\Programs\Python\Python312\Scripts;C:\Users\satya\AppData\Local\Programs\Python\Python312;C:\Program Files\nodejs\;C:\ProgramData\chocolatey\bin;C:\Program Files\Git\cmd;C:\Users\satya\AppData\Local\Programs\Python\Launcher\;C:\Users\satya\AppData\Local\Microsoft\WindowsApps;C:\Users\satya\AppData\Local\Programs\Microsoft VS Code\bin;C:\Program Files\JetBrains\IntelliJ IDEA Educational Edition 2022.2.2\bin;;C:\Program Files\Java\jdk-19\bin;C:\Users\satya\Desktop\C instal\bin;C:\Users\satya\AppData\Local\Programs\cursor\resources\app\bin;C:\Users\satya\AppData\Local\GitHubDesktop\bin;C:\Users\satya\AppData\Roaming\npm
USERNAME=satya
OS=Windows_NT
PROCESSOR_IDENTIFIER=Intel64 Family 6 Model 140 Stepping 2, GenuineIntel
TMP=C:\Users\satya\AppData\Local\Temp
TEMP=C:\Users\satya\AppData\Local\Temp



---------------  S Y S T E M  ---------------

OS:
 Windows 11 , 64 bit Build 26100 (10.0.26100.4484)
OS uptime: 4 days 17:54 hours

CPU: total 8 (initial active 8) (4 cores per cpu, 2 threads per core) family 6 model 140 stepping 2 microcode 0x26, cx8, cmov, fxsr, ht, mmx, 3dnowpref, sse, sse2, sse3, ssse3, sse4.1, sse4.2, popcnt, lzcnt, tsc, tscinvbit, avx, avx2, aes, erms, clmul, bmi1, bmi2, adx, avx512f, avx512dq, avx512cd, avx512bw, avx512vl, sha, fma, vzeroupper, avx512_vpopcntdq, avx512_vpclmulqdq, avx512_vaes, avx512_vnni, clflush, clflushopt, clwb, avx512_vbmi2, avx512_vbmi, rdtscp, rdpid, fsrm, gfni, avx512_bitalg

Memory: 4k page, system-wide physical 16167M (3427M free)
TotalPageFile size 24359M (AvailPageFile size 534M)
current process WorkingSet (physical memory assigned to process): 96M, peak: 105M
current process commit charge ("private bytes"): 362M, peak: 370M

vm_info: Java HotSpot(TM) 64-Bit Server VM (19+36-2238) for windows-amd64 JRE (19+36-2238), built on 2022-08-12T20:29:01Z by "mach5one" with MS VC++ 17.1 (VS2022)

END.
